<?xml version="1.0" encoding="UTF-8"?>
<testng-results ignored="0" total="1" passed="1" failed="0" skipped="0">
  <reporter-output>
  </reporter-output>
  <suite started-at="2023-12-29T15:05:13 IST" name="Default suite" finished-at="2023-12-29T15:05:25 IST" duration-ms="12242">
    <groups>
    </groups>
    <test started-at="2023-12-29T15:05:13 IST" name="Default test" finished-at="2023-12-29T15:05:25 IST" duration-ms="12242">
      <class name="com.tyss.genricutility.Script">
        <test-method is-config="true" signature="configReport()[pri:0, instance:com.tyss.genricutility.Script@4cc451f2]" started-at="2023-12-29T15:05:12 IST" name="configReport" finished-at="2023-12-29T15:05:13 IST" duration-ms="218" status="PASS">
          <reporter-output>
          </reporter-output>
        </test-method> <!-- configReport -->
        <test-method is-config="true" signature="launch()[pri:0, instance:com.tyss.genricutility.Script@4cc451f2]" started-at="2023-12-29T15:05:13 IST" name="launch" finished-at="2023-12-29T15:05:20 IST" duration-ms="6969" status="PASS">
          <reporter-output>
          </reporter-output>
        </test-method> <!-- launch -->
        <test-method is-config="true" signature="login(java.lang.reflect.Method)[pri:0, instance:com.tyss.genricutility.Script@4cc451f2]" started-at="2023-12-29T15:05:20 IST" name="login" finished-at="2023-12-29T15:05:23 IST" duration-ms="3013" status="PASS">
          <params>
            <param index="0">
              <value>
                <![CDATA[public void com.tyss.genricutility.Script.test_method()]]>
              </value>
            </param>
          </params>
          <reporter-output>
          </reporter-output>
        </test-method> <!-- login -->
        <test-method signature="test_method()[pri:0, instance:com.tyss.genricutility.Script@4cc451f2]" started-at="2023-12-29T15:05:23 IST" name="test_method" finished-at="2023-12-29T15:05:24 IST" duration-ms="1054" status="PASS">
          <reporter-output>
          </reporter-output>
        </test-method> <!-- test_method -->
        <test-method is-config="true" signature="logout()[pri:0, instance:com.tyss.genricutility.Script@4cc451f2]" started-at="2023-12-29T15:05:24 IST" name="logout" finished-at="2023-12-29T15:05:25 IST" duration-ms="973" status="PASS">
          <reporter-output>
          </reporter-output>
        </test-method> <!-- logout -->
        <test-method is-config="true" signature="close()[pri:0, instance:com.tyss.genricutility.Script@4cc451f2]" started-at="2023-12-29T15:05:25 IST" name="close" finished-at="2023-12-29T15:05:25 IST" duration-ms="197" status="PASS">
          <reporter-output>
          </reporter-output>
        </test-method> <!-- close -->
        <test-method is-config="true" signature="backupReport()[pri:0, instance:com.tyss.genricutility.Script@4cc451f2]" started-at="2023-12-29T15:05:25 IST" name="backupReport" finished-at="2023-12-29T15:05:25 IST" duration-ms="234" status="PASS">
          <reporter-output>
          </reporter-output>
        </test-method> <!-- backupReport -->
      </class> <!-- com.tyss.genricutility.Script -->
    </test> <!-- Default test -->
  </suite> <!-- Default suite -->
</testng-results>
