<?xml version="1.0" encoding="UTF-8"?>
<testng-results ignored="0" total="1" passed="1" failed="0" skipped="0">
  <reporter-output>
    <line>
      <![CDATA[parameters executed]]>
    </line>
  </reporter-output>
  <suite started-at="2023-12-28T14:46:28 IST" name="Surefire suite" finished-at="2023-12-28T14:46:33 IST" duration-ms="4920">
    <groups>
    </groups>
    <test started-at="2023-12-28T14:46:28 IST" name="Surefire test" finished-at="2023-12-28T14:46:33 IST" duration-ms="4920">
      <class name="demo.MavenParameter">
        <test-method signature="recieve_data()[pri:0, instance:demo.MavenParameter@19d37183]" started-at="2023-12-28T14:46:28 IST" name="recieve_data" finished-at="2023-12-28T14:46:33 IST" duration-ms="4896" status="PASS">
          <reporter-output>
            <line>
              <![CDATA[parameters executed]]>
            </line>
          </reporter-output>
        </test-method> <!-- recieve_data -->
      </class> <!-- demo.MavenParameter -->
    </test> <!-- Surefire test -->
  </suite> <!-- Surefire suite -->
</testng-results>
